<?xml version="1.0" encoding="UTF-8"?>
<testsuite name="ContactsTest" tests="1" skipped="0" failures="0" errors="0" timestamp="2020-08-26T15:41:02" hostname="decagon-MacBook-Air.local" time="0.455">
  <properties/>
  <testcase name="start" classname="ContactsTest" time="0.455"/>
  <system-out><![CDATA[?[1;31m
Start test 1?[0m
[menu] Enter action (add, list, search, count, exit): > exit
?[1;31m
Start test 2?[0m
[menu] Enter action (add, list, search, count, exit): > count
The Phone Book has 0 records

[menu] Enter action (add, list, search, count, exit): > exit
?[1;31m
Start test 3?[0m
[menu] Enter action (add, list, search, count, exit): > add
Enter the type (person, organization): > person
Enter the name: > John
Enter the surname: > Smith
Enter the birth date: > 
Bad birth date!
Enter the gender (M, F): > 
Bad gender!
Enter the number: > 123 456 789
The record added.

[menu] Enter action (add, list, search, count, exit): > count
1

[menu] Enter action (add, list, search, count, exit): > exit
?[1;31m
Start test 4?[0m
[menu] Enter action (add, list, search, count, exit): > add
Enter the type (person, organization): > person
Enter the name: > John
Enter the surname: > Smith
Enter the birth date: > 
Bad birth date!
Enter the gender (M, F): > 
Bad gender!
Enter the number: > 123 456 789
The record added.

[menu] Enter action (add, list, search, count, exit): > list
1. John Smith

Enter action ([number], back):> 1
Name: John
Surname: Smith
Birth date: [no data]
Gender: [no data]
Number: 123 456 789
Time created: 2020-08-26T16:41
Time last edit: 2020-08-26T16:41

[record] Enter action (edit, delete, menu)> menu

[menu] Enter action (add, list, search, count, exit): > exit
?[1;31m
Start test 5?[0m
[menu] Enter action (add, list, search, count, exit): > add
Enter the type (person, organization): > organization
Enter the organization name: > Pizza Shop
Enter the address: > Wall St. 1
Enter the number: > +0 (123) 456-789-9999
The record added.

[menu] Enter action (add, list, search, count, exit): > list
1. Pizza Shop

Enter action ([number], back):> 1
Organization name: Pizza Shop
Address: Wall St. 1
Number: +0 (123) 456-789-9999
Time created: 2020-08-26T16:41
Time last edit: 2020-08-26T16:41

[record] Enter action (edit, delete, menu)> menu

[menu] Enter action (add, list, search, count, exit): > exit
?[1;31m
Start test 6?[0m
[menu] Enter action (add, list, search, count, exit): > add
Enter the type (person, organization): > person
Enter the name: > John
Enter the surname: > Smith
Enter the birth date: > 
Bad birth date!
Enter the gender (M, F): > 
Bad gender!
Enter the number: > 123 456 789
The record added.

[menu] Enter action (add, list, search, count, exit): > list
1. John Smith

Enter action ([number], back):> 1
Name: John
Surname: Smith
Birth date: [no data]
Gender: [no data]
Number: 123 456 789
Time created: 2020-08-26T16:41
Time last edit: 2020-08-26T16:41

[record] Enter action (edit, delete, menu)> edit
Select a field (name, surname, birth, gender, number): > gender
Enter gender: > M
Saved
Name: John
Surname: Smith
Birth date: [no data]
Gender: Male
Number: 123 456 789
Time created: 2020-08-26T16:41
Time last edit: 2020-08-26T16:41

[record] Enter action (edit, delete, menu)> menu

[menu] Enter action (add, list, search, count, exit): > list
1. John Smith

Enter action ([number], back):> 1
Name: John
Surname: Smith
Birth date: [no data]
Gender: Male
Number: 123 456 789
Time created: 2020-08-26T16:41
Time last edit: 2020-08-26T16:41

[record] Enter action (edit, delete, menu)> menu

[menu] Enter action (add, list, search, count, exit): > exit
?[1;31m
Start test 7?[0m
[menu] Enter action (add, list, search, count, exit): > add
Enter the type (person, organization): > organization
Enter the organization name: > Pizza Shop
Enter the address: > Wall St. 1
Enter the number: > +0 (123) 456-789-9999
The record added.

[menu] Enter action (add, list, search, count, exit): > list
1. Pizza Shop

Enter action ([number], back):> 1
Organization name: Pizza Shop
Address: Wall St. 1
Number: +0 (123) 456-789-9999
Time created: 2020-08-26T16:41
Time last edit: 2020-08-26T16:41

[record] Enter action (edit, delete, menu)> edit
Select a field (name, address, number): > address
Enter address: > Wall St 2
Saved
Organization name: Pizza Shop
Address: Wall St 2
Number: +0 (123) 456-789-9999
Time created: 2020-08-26T16:41
Time last edit: 2020-08-26T16:41

[record] Enter action (edit, delete, menu)> menu

[menu] Enter action (add, list, search, count, exit): > list
1. Pizza Shop

Enter action ([number], back):> 1
Organization name: Pizza Shop
Address: Wall St 2
Number: +0 (123) 456-789-9999
Time created: 2020-08-26T16:41
Time last edit: 2020-08-26T16:41

[record] Enter action (edit, delete, menu)> menu

[menu] Enter action (add, list, search, count, exit): > exit
?[1;31m
Start test 8?[0m
[menu] Enter action (add, list, search, count, exit): > add
Enter the type (person, organization): > organization
Enter the organization name: > Pizza Shop
Enter the address: > Wall St. 1
Enter the number: > +0 (123) 456-789-9999
The record added.

[menu] Enter action (add, list, search, count, exit): > add
Enter the type (person, organization): > person
Enter the name: > John
Enter the surname: > Smith
Enter the birth date: > 
Bad birth date!
Enter the gender (M, F): > 
Bad gender!
Enter the number: > 123 456 789
The record added.

[menu] Enter action (add, list, search, count, exit): > add
Enter the type (person, organization): > organization
Enter the organization name: > PizzaNuts
Enter the address: > Wall St. 6
Enter the number: > +0 (123) 456-789-9999
The record added.

[menu] Enter action (add, list, search, count, exit): > search
Enter search query: > pizz
Found 2 results: 
1. Pizza Shop
2. PizzaNuts

[search] Enter action ([number], back, again):> 1
Organization name: Pizza Shop
Address: Wall St. 1
Number: +0 (123) 456-789-9999
Time created: 2020-08-26T16:41
Time last edit: 2020-08-26T16:41

[record] Enter action (edit, delete, menu)> menu

[menu] Enter action (add, list, search, count, exit): > exit
?[1;31m
Start test 9?[0m
[menu] Enter action (add, list, search, count, exit): > add
Enter the type (person, organization): > organization
Enter the organization name: > Pizza Shop
Enter the address: > Wall St. 1
Enter the number: > +0 (123) 456-789-9999
The record added.

[menu] Enter action (add, list, search, count, exit): > add
Enter the type (person, organization): > person
Enter the name: > John
Enter the surname: > Smith
Enter the birth date: > 
Bad birth date!
Enter the gender (M, F): > 
Bad gender!
Enter the number: > 123 456 789
The record added.

[menu] Enter action (add, list, search, count, exit): > add
Enter the type (person, organization): > organization
Enter the organization name: > PizzaNuts
Enter the address: > Wall St. 6
Enter the number: > +0 (123) 456-789-9999
The record added.

[menu] Enter action (add, list, search, count, exit): > search
Enter search query: > s
Found 3 results: 
1. Pizza Shop
2. John Smith
3. PizzaNuts

[search] Enter action ([number], back, again):> 1
Organization name: Pizza Shop
Address: Wall St. 1
Number: +0 (123) 456-789-9999
Time created: 2020-08-26T16:41
Time last edit: 2020-08-26T16:41

[record] Enter action (edit, delete, menu)> menu

[menu] Enter action (add, list, search, count, exit): > exit
?[1;31m
Start test 10?[0m
[menu] Enter action (add, list, search, count, exit): > add
Enter the type (person, organization): > organization
Enter the organization name: > Pizza Shop
Enter the address: > Wall St. 1
Enter the number: > +0 (123) 456-789-9999
The record added.

[menu] Enter action (add, list, search, count, exit): > add
Enter the type (person, organization): > person
Enter the name: > John
Enter the surname: > Smith
Enter the birth date: > 
Bad birth date!
Enter the gender (M, F): > 
Bad gender!
Enter the number: > 123 456 789
The record added.

[menu] Enter action (add, list, search, count, exit): > add
Enter the type (person, organization): > organization
Enter the organization name: > PizzaNuts
Enter the address: > Wall St. 6
Enter the number: > +0 (123) 456-781-9999
The record added.

[menu] Enter action (add, list, search, count, exit): > search
Enter search query: > 789
Found 2 results: 
1. Pizza Shop
2. John Smith

[search] Enter action ([number], back, again):> 1
Organization name: Pizza Shop
Address: Wall St. 1
Number: +0 (123) 456-789-9999
Time created: 2020-08-26T16:41
Time last edit: 2020-08-26T16:41

[record] Enter action (edit, delete, menu)> menu

[menu] Enter action (add, list, search, count, exit): > exit
]]></system-out>
  <system-err><![CDATA[java.io.FileNotFoundException:  (No such file or directory)
	at java.base/java.io.FileOutputStream.open0(Native Method)
	at java.base/java.io.FileOutputStream.open(FileOutputStream.java:298)
	at java.base/java.io.FileOutputStream.<init>(FileOutputStream.java:237)
	at java.base/java.io.FileOutputStream.<init>(FileOutputStream.java:126)
	at contacts.SerializationUtils.serialize(SerializationUtils.java:11)
	at contacts.PhoneBook.serialize(PhoneBook.java:23)
	at contacts.PhoneBook.menu(PhoneBook.java:55)
	at contacts.Main.main(Main.java:13)
	at java.base/jdk.internal.reflect.NativeMethodAccessorImpl.invoke0(Native Method)
	at java.base/jdk.internal.reflect.NativeMethodAccessorImpl.invoke(NativeMethodAccessorImpl.java:62)
	at java.base/jdk.internal.reflect.DelegatingMethodAccessorImpl.invoke(DelegatingMethodAccessorImpl.java:43)
	at java.base/java.lang.reflect.Method.invoke(Method.java:566)
	at org.hyperskill.hstest.testing.TestedProgram.invokeMain(TestedProgram.java:62)
	at org.hyperskill.hstest.testing.TestedProgram.lambda$start$1(TestedProgram.java:113)
	at java.base/java.util.concurrent.Executors$RunnableAdapter.call(Executors.java:515)
	at java.base/java.util.concurrent.FutureTask.run(FutureTask.java:264)
	at java.base/java.util.concurrent.ThreadPoolExecutor.runWorker(ThreadPoolExecutor.java:1128)
	at java.base/java.util.concurrent.ThreadPoolExecutor$Worker.run(ThreadPoolExecutor.java:628)
	at java.base/java.lang.Thread.run(Thread.java:834)
java.io.FileNotFoundException:  (No such file or directory)
	at java.base/java.io.FileOutputStream.open0(Native Method)
	at java.base/java.io.FileOutputStream.open(FileOutputStream.java:298)
	at java.base/java.io.FileOutputStream.<init>(FileOutputStream.java:237)
	at java.base/java.io.FileOutputStream.<init>(FileOutputStream.java:126)
	at contacts.SerializationUtils.serialize(SerializationUtils.java:11)
	at contacts.PhoneBook.serialize(PhoneBook.java:23)
	at contacts.PhoneBook.menu(PhoneBook.java:55)
	at contacts.Main.main(Main.java:13)
	at java.base/jdk.internal.reflect.NativeMethodAccessorImpl.invoke0(Native Method)
	at java.base/jdk.internal.reflect.NativeMethodAccessorImpl.invoke(NativeMethodAccessorImpl.java:62)
	at java.base/jdk.internal.reflect.DelegatingMethodAccessorImpl.invoke(DelegatingMethodAccessorImpl.java:43)
	at java.base/java.lang.reflect.Method.invoke(Method.java:566)
	at org.hyperskill.hstest.testing.TestedProgram.invokeMain(TestedProgram.java:62)
	at org.hyperskill.hstest.testing.TestedProgram.lambda$start$1(TestedProgram.java:113)
	at java.base/java.util.concurrent.Executors$RunnableAdapter.call(Executors.java:515)
	at java.base/java.util.concurrent.FutureTask.run(FutureTask.java:264)
	at java.base/java.util.concurrent.ThreadPoolExecutor.runWorker(ThreadPoolExecutor.java:1128)
	at java.base/java.util.concurrent.ThreadPoolExecutor$Worker.run(ThreadPoolExecutor.java:628)
	at java.base/java.lang.Thread.run(Thread.java:834)
java.io.FileNotFoundException:  (No such file or directory)
	at java.base/java.io.FileOutputStream.open0(Native Method)
	at java.base/java.io.FileOutputStream.open(FileOutputStream.java:298)
	at java.base/java.io.FileOutputStream.<init>(FileOutputStream.java:237)
	at java.base/java.io.FileOutputStream.<init>(FileOutputStream.java:126)
	at contacts.SerializationUtils.serialize(SerializationUtils.java:11)
	at contacts.PhoneBook.serialize(PhoneBook.java:23)
	at contacts.PhoneBook.menu(PhoneBook.java:55)
	at contacts.Main.main(Main.java:13)
	at java.base/jdk.internal.reflect.NativeMethodAccessorImpl.invoke0(Native Method)
	at java.base/jdk.internal.reflect.NativeMethodAccessorImpl.invoke(NativeMethodAccessorImpl.java:62)
	at java.base/jdk.internal.reflect.DelegatingMethodAccessorImpl.invoke(DelegatingMethodAccessorImpl.java:43)
	at java.base/java.lang.reflect.Method.invoke(Method.java:566)
	at org.hyperskill.hstest.testing.TestedProgram.invokeMain(TestedProgram.java:62)
	at org.hyperskill.hstest.testing.TestedProgram.lambda$start$1(TestedProgram.java:113)
	at java.base/java.util.concurrent.Executors$RunnableAdapter.call(Executors.java:515)
	at java.base/java.util.concurrent.FutureTask.run(FutureTask.java:264)
	at java.base/java.util.concurrent.ThreadPoolExecutor.runWorker(ThreadPoolExecutor.java:1128)
	at java.base/java.util.concurrent.ThreadPoolExecutor$Worker.run(ThreadPoolExecutor.java:628)
	at java.base/java.lang.Thread.run(Thread.java:834)
java.io.FileNotFoundException:  (No such file or directory)
	at java.base/java.io.FileOutputStream.open0(Native Method)
	at java.base/java.io.FileOutputStream.open(FileOutputStream.java:298)
	at java.base/java.io.FileOutputStream.<init>(FileOutputStream.java:237)
	at java.base/java.io.FileOutputStream.<init>(FileOutputStream.java:126)
	at contacts.SerializationUtils.serialize(SerializationUtils.java:11)
	at contacts.PhoneBook.serialize(PhoneBook.java:23)
	at contacts.PhoneBook.menu(PhoneBook.java:55)
	at contacts.Main.main(Main.java:13)
	at java.base/jdk.internal.reflect.NativeMethodAccessorImpl.invoke0(Native Method)
	at java.base/jdk.internal.reflect.NativeMethodAccessorImpl.invoke(NativeMethodAccessorImpl.java:62)
	at java.base/jdk.internal.reflect.DelegatingMethodAccessorImpl.invoke(DelegatingMethodAccessorImpl.java:43)
	at java.base/java.lang.reflect.Method.invoke(Method.java:566)
	at org.hyperskill.hstest.testing.TestedProgram.invokeMain(TestedProgram.java:62)
	at org.hyperskill.hstest.testing.TestedProgram.lambda$start$1(TestedProgram.java:113)
	at java.base/java.util.concurrent.Executors$RunnableAdapter.call(Executors.java:515)
	at java.base/java.util.concurrent.FutureTask.run(FutureTask.java:264)
	at java.base/java.util.concurrent.ThreadPoolExecutor.runWorker(ThreadPoolExecutor.java:1128)
	at java.base/java.util.concurrent.ThreadPoolExecutor$Worker.run(ThreadPoolExecutor.java:628)
	at java.base/java.lang.Thread.run(Thread.java:834)
java.io.FileNotFoundException:  (No such file or directory)
	at java.base/java.io.FileOutputStream.open0(Native Method)
	at java.base/java.io.FileOutputStream.open(FileOutputStream.java:298)
	at java.base/java.io.FileOutputStream.<init>(FileOutputStream.java:237)
	at java.base/java.io.FileOutputStream.<init>(FileOutputStream.java:126)
	at contacts.SerializationUtils.serialize(SerializationUtils.java:11)
	at contacts.PhoneBook.serialize(PhoneBook.java:23)
	at contacts.PhoneBook.menu(PhoneBook.java:55)
	at contacts.Main.main(Main.java:13)
	at java.base/jdk.internal.reflect.NativeMethodAccessorImpl.invoke0(Native Method)
	at java.base/jdk.internal.reflect.NativeMethodAccessorImpl.invoke(NativeMethodAccessorImpl.java:62)
	at java.base/jdk.internal.reflect.DelegatingMethodAccessorImpl.invoke(DelegatingMethodAccessorImpl.java:43)
	at java.base/java.lang.reflect.Method.invoke(Method.java:566)
	at org.hyperskill.hstest.testing.TestedProgram.invokeMain(TestedProgram.java:62)
	at org.hyperskill.hstest.testing.TestedProgram.lambda$start$1(TestedProgram.java:113)
	at java.base/java.util.concurrent.Executors$RunnableAdapter.call(Executors.java:515)
	at java.base/java.util.concurrent.FutureTask.run(FutureTask.java:264)
	at java.base/java.util.concurrent.ThreadPoolExecutor.runWorker(ThreadPoolExecutor.java:1128)
	at java.base/java.util.concurrent.ThreadPoolExecutor$Worker.run(ThreadPoolExecutor.java:628)
	at java.base/java.lang.Thread.run(Thread.java:834)
java.io.FileNotFoundException:  (No such file or directory)
	at java.base/java.io.FileOutputStream.open0(Native Method)
	at java.base/java.io.FileOutputStream.open(FileOutputStream.java:298)
	at java.base/java.io.FileOutputStream.<init>(FileOutputStream.java:237)
	at java.base/java.io.FileOutputStream.<init>(FileOutputStream.java:126)
	at contacts.SerializationUtils.serialize(SerializationUtils.java:11)
	at contacts.PhoneBook.serialize(PhoneBook.java:23)
	at contacts.PhoneBook.menu(PhoneBook.java:55)
	at contacts.Main.main(Main.java:13)
	at java.base/jdk.internal.reflect.NativeMethodAccessorImpl.invoke0(Native Method)
	at java.base/jdk.internal.reflect.NativeMethodAccessorImpl.invoke(NativeMethodAccessorImpl.java:62)
	at java.base/jdk.internal.reflect.DelegatingMethodAccessorImpl.invoke(DelegatingMethodAccessorImpl.java:43)
	at java.base/java.lang.reflect.Method.invoke(Method.java:566)
	at org.hyperskill.hstest.testing.TestedProgram.invokeMain(TestedProgram.java:62)
	at org.hyperskill.hstest.testing.TestedProgram.lambda$start$1(TestedProgram.java:113)
	at java.base/java.util.concurrent.Executors$RunnableAdapter.call(Executors.java:515)
	at java.base/java.util.concurrent.FutureTask.run(FutureTask.java:264)
	at java.base/java.util.concurrent.ThreadPoolExecutor.runWorker(ThreadPoolExecutor.java:1128)
	at java.base/java.util.concurrent.ThreadPoolExecutor$Worker.run(ThreadPoolExecutor.java:628)
	at java.base/java.lang.Thread.run(Thread.java:834)
java.io.FileNotFoundException:  (No such file or directory)
	at java.base/java.io.FileOutputStream.open0(Native Method)
	at java.base/java.io.FileOutputStream.open(FileOutputStream.java:298)
	at java.base/java.io.FileOutputStream.<init>(FileOutputStream.java:237)
	at java.base/java.io.FileOutputStream.<init>(FileOutputStream.java:126)
	at contacts.SerializationUtils.serialize(SerializationUtils.java:11)
	at contacts.PhoneBook.serialize(PhoneBook.java:23)
	at contacts.PhoneBook.menu(PhoneBook.java:55)
	at contacts.Main.main(Main.java:13)
	at java.base/jdk.internal.reflect.NativeMethodAccessorImpl.invoke0(Native Method)
	at java.base/jdk.internal.reflect.NativeMethodAccessorImpl.invoke(NativeMethodAccessorImpl.java:62)
	at java.base/jdk.internal.reflect.DelegatingMethodAccessorImpl.invoke(DelegatingMethodAccessorImpl.java:43)
	at java.base/java.lang.reflect.Method.invoke(Method.java:566)
	at org.hyperskill.hstest.testing.TestedProgram.invokeMain(TestedProgram.java:62)
	at org.hyperskill.hstest.testing.TestedProgram.lambda$start$1(TestedProgram.java:113)
	at java.base/java.util.concurrent.Executors$RunnableAdapter.call(Executors.java:515)
	at java.base/java.util.concurrent.FutureTask.run(FutureTask.java:264)
	at java.base/java.util.concurrent.ThreadPoolExecutor.runWorker(ThreadPoolExecutor.java:1128)
	at java.base/java.util.concurrent.ThreadPoolExecutor$Worker.run(ThreadPoolExecutor.java:628)
	at java.base/java.lang.Thread.run(Thread.java:834)
java.io.FileNotFoundException:  (No such file or directory)
	at java.base/java.io.FileOutputStream.open0(Native Method)
	at java.base/java.io.FileOutputStream.open(FileOutputStream.java:298)
	at java.base/java.io.FileOutputStream.<init>(FileOutputStream.java:237)
	at java.base/java.io.FileOutputStream.<init>(FileOutputStream.java:126)
	at contacts.SerializationUtils.serialize(SerializationUtils.java:11)
	at contacts.PhoneBook.serialize(PhoneBook.java:23)
	at contacts.PhoneBook.menu(PhoneBook.java:55)
	at contacts.Main.main(Main.java:13)
	at java.base/jdk.internal.reflect.NativeMethodAccessorImpl.invoke0(Native Method)
	at java.base/jdk.internal.reflect.NativeMethodAccessorImpl.invoke(NativeMethodAccessorImpl.java:62)
	at java.base/jdk.internal.reflect.DelegatingMethodAccessorImpl.invoke(DelegatingMethodAccessorImpl.java:43)
	at java.base/java.lang.reflect.Method.invoke(Method.java:566)
	at org.hyperskill.hstest.testing.TestedProgram.invokeMain(TestedProgram.java:62)
	at org.hyperskill.hstest.testing.TestedProgram.lambda$start$1(TestedProgram.java:113)
	at java.base/java.util.concurrent.Executors$RunnableAdapter.call(Executors.java:515)
	at java.base/java.util.concurrent.FutureTask.run(FutureTask.java:264)
	at java.base/java.util.concurrent.ThreadPoolExecutor.runWorker(ThreadPoolExecutor.java:1128)
	at java.base/java.util.concurrent.ThreadPoolExecutor$Worker.run(ThreadPoolExecutor.java:628)
	at java.base/java.lang.Thread.run(Thread.java:834)
java.io.FileNotFoundException:  (No such file or directory)
	at java.base/java.io.FileOutputStream.open0(Native Method)
	at java.base/java.io.FileOutputStream.open(FileOutputStream.java:298)
	at java.base/java.io.FileOutputStream.<init>(FileOutputStream.java:237)
	at java.base/java.io.FileOutputStream.<init>(FileOutputStream.java:126)
	at contacts.SerializationUtils.serialize(SerializationUtils.java:11)
	at contacts.PhoneBook.serialize(PhoneBook.java:23)
	at contacts.PhoneBook.menu(PhoneBook.java:55)
	at contacts.Main.main(Main.java:13)
	at java.base/jdk.internal.reflect.NativeMethodAccessorImpl.invoke0(Native Method)
	at java.base/jdk.internal.reflect.NativeMethodAccessorImpl.invoke(NativeMethodAccessorImpl.java:62)
	at java.base/jdk.internal.reflect.DelegatingMethodAccessorImpl.invoke(DelegatingMethodAccessorImpl.java:43)
	at java.base/java.lang.reflect.Method.invoke(Method.java:566)
	at org.hyperskill.hstest.testing.TestedProgram.invokeMain(TestedProgram.java:62)
	at org.hyperskill.hstest.testing.TestedProgram.lambda$start$1(TestedProgram.java:113)
	at java.base/java.util.concurrent.Executors$RunnableAdapter.call(Executors.java:515)
	at java.base/java.util.concurrent.FutureTask.run(FutureTask.java:264)
	at java.base/java.util.concurrent.ThreadPoolExecutor.runWorker(ThreadPoolExecutor.java:1128)
	at java.base/java.util.concurrent.ThreadPoolExecutor$Worker.run(ThreadPoolExecutor.java:628)
	at java.base/java.lang.Thread.run(Thread.java:834)
java.io.FileNotFoundException:  (No such file or directory)
	at java.base/java.io.FileOutputStream.open0(Native Method)
	at java.base/java.io.FileOutputStream.open(FileOutputStream.java:298)
	at java.base/java.io.FileOutputStream.<init>(FileOutputStream.java:237)
	at java.base/java.io.FileOutputStream.<init>(FileOutputStream.java:126)
	at contacts.SerializationUtils.serialize(SerializationUtils.java:11)
	at contacts.PhoneBook.serialize(PhoneBook.java:23)
	at contacts.PhoneBook.menu(PhoneBook.java:55)
	at contacts.Main.main(Main.java:13)
	at java.base/jdk.internal.reflect.NativeMethodAccessorImpl.invoke0(Native Method)
	at java.base/jdk.internal.reflect.NativeMethodAccessorImpl.invoke(NativeMethodAccessorImpl.java:62)
	at java.base/jdk.internal.reflect.DelegatingMethodAccessorImpl.invoke(DelegatingMethodAccessorImpl.java:43)
	at java.base/java.lang.reflect.Method.invoke(Method.java:566)
	at org.hyperskill.hstest.testing.TestedProgram.invokeMain(TestedProgram.java:62)
	at org.hyperskill.hstest.testing.TestedProgram.lambda$start$1(TestedProgram.java:113)
	at java.base/java.util.concurrent.Executors$RunnableAdapter.call(Executors.java:515)
	at java.base/java.util.concurrent.FutureTask.run(FutureTask.java:264)
	at java.base/java.util.concurrent.ThreadPoolExecutor.runWorker(ThreadPoolExecutor.java:1128)
	at java.base/java.util.concurrent.ThreadPoolExecutor$Worker.run(ThreadPoolExecutor.java:628)
	at java.base/java.lang.Thread.run(Thread.java:834)
]]></system-err>
</testsuite>
